app/build/intermediates/manifest_merge_blame_file/debug/manifest-merger-blame-debug-report.txt
1<?xml version="1.0" encoding="utf-8"?>
2<manifest xmlns:android="http://schemas.android.com/apk/res/android"
3    package="com.nabin.basket"
4    android:versionCode="13"
5    android:versionName="13" >
6
7    <uses-sdk
8        android:minSdkVersion="26"
9        android:targetSdkVersion="34" />
10
11    <uses-permission android:name="android.permission.INTERNET" />
11-->src\main\AndroidManifest.xml:4:5-66
11-->src\main\AndroidManifest.xml:4:22-64
12    <uses-permission android:name="android.permission.ACCESS_FINE_LOCATION" />
12-->src\main\AndroidManifest.xml:5:5-79
12-->src\main\AndroidManifest.xml:5:22-76
13    <uses-permission android:name="android.permission.ACCESS_COARSE_LOCATION" />
13-->src\main\AndroidManifest.xml:6:5-80
13-->src\main\AndroidManifest.xml:6:22-78
14    <uses-permission android:name="android.permission.ACCESS_WIFI_STATE" /> <!-- Include required permissions for Google Maps API to run. -->
14-->[com.google.android.libraries.places:places:3.2.0] AndroidManifest.xml:11:5-76
14-->[com.google.android.libraries.places:places:3.2.0] AndroidManifest.xml:11:22-73
15    <uses-permission android:name="android.permission.ACCESS_NETWORK_STATE" />
15-->[com.google.android.gms:play-services-maps:18.1.0] AndroidManifest.xml:23:5-79
15-->[com.google.android.gms:play-services-maps:18.1.0] AndroidManifest.xml:23:22-76
16
17    <uses-feature
17-->[com.google.android.gms:play-services-maps:18.1.0] AndroidManifest.xml:26:5-28:35
18        android:glEsVersion="0x00020000"
18-->[com.google.android.gms:play-services-maps:18.1.0] AndroidManifest.xml:27:9-41
19        android:required="true" />
19-->[com.google.android.gms:play-services-maps:18.1.0] AndroidManifest.xml:28:9-32
20
21    <queries>
21-->[com.google.android.gms:play-services-maps:18.1.0] AndroidManifest.xml:30:5-34:15
22
23        <!-- Needs to be explicitly declared on Android R+ -->
24        <package android:name="com.google.android.apps.maps" />
24-->[com.google.android.gms:play-services-maps:18.1.0] AndroidManifest.xml:33:9-64
24-->[com.google.android.gms:play-services-maps:18.1.0] AndroidManifest.xml:33:18-61
25        <!-- For browser content -->
26        <intent>
26-->[com.google.android.gms:play-services-ads-lite:22.5.0] AndroidManifest.xml:38:9-44:18
27            <action android:name="android.intent.action.VIEW" />
27-->[com.google.firebase:firebase-auth:22.1.1] AndroidManifest.xml:36:17-69
27-->[com.google.firebase:firebase-auth:22.1.1] AndroidManifest.xml:36:25-66
28
29            <category android:name="android.intent.category.BROWSABLE" />
29-->[com.google.firebase:firebase-auth:22.1.1] AndroidManifest.xml:39:17-78
29-->[com.google.firebase:firebase-auth:22.1.1] AndroidManifest.xml:39:27-75
30
31            <data android:scheme="https" />
31-->[com.google.firebase:firebase-auth:22.1.1] AndroidManifest.xml:41:17-44:51
31-->[com.google.firebase:firebase-auth:22.1.1] AndroidManifest.xml:44:21-48
32        </intent> <!-- End of browser content -->
33        <!-- For CustomTabsService -->
34        <intent>
34-->[com.google.android.gms:play-services-ads-lite:22.5.0] AndroidManifest.xml:47:9-49:18
35            <action android:name="android.support.customtabs.action.CustomTabsService" />
35-->[com.google.android.gms:play-services-ads-lite:22.5.0] AndroidManifest.xml:48:13-90
35-->[com.google.android.gms:play-services-ads-lite:22.5.0] AndroidManifest.xml:48:21-87
36        </intent>
37    </queries> <!-- Create a unique permission for your app and use it so only your app can receive your OneSignal messages. -->
38    <permission
38-->[com.onesignal:notifications:5.1.6] AndroidManifest.xml:10:5-12:47
39        android:name="com.nabin.basket.permission.C2D_MESSAGE"
39-->[com.onesignal:notifications:5.1.6] AndroidManifest.xml:11:9-63
40        android:protectionLevel="signature" />
40-->[com.onesignal:notifications:5.1.6] AndroidManifest.xml:12:9-44
41
42    <uses-permission android:name="com.nabin.basket.permission.C2D_MESSAGE" /> <!-- Required runtime permission to display notifications on Android 13 -->
42-->[com.onesignal:notifications:5.1.6] AndroidManifest.xml:14:5-79
42-->[com.onesignal:notifications:5.1.6] AndroidManifest.xml:14:22-76
43    <uses-permission android:name="android.permission.POST_NOTIFICATIONS" /> <!-- Required, makes sure notifications are delivered on time. -->
43-->[com.onesignal:notifications:5.1.6] AndroidManifest.xml:17:5-77
43-->[com.onesignal:notifications:5.1.6] AndroidManifest.xml:17:22-74
44    <uses-permission android:name="android.permission.WAKE_LOCK" /> <!-- c2dm RECEIVE are basic requirements for push messages through Google's FCM -->
44-->[com.onesignal:notifications:5.1.6] AndroidManifest.xml:18:5-68
44-->[com.onesignal:notifications:5.1.6] AndroidManifest.xml:18:22-65
45    <uses-permission android:name="com.google.android.c2dm.permission.RECEIVE" />
45-->[com.onesignal:notifications:5.1.6] AndroidManifest.xml:19:5-82
45-->[com.onesignal:notifications:5.1.6] AndroidManifest.xml:19:22-79
46    <!--
47 Required so the device vibrates on receiving a push notification.
48         Vibration settings of the device still apply.
49    -->
50    <uses-permission android:name="android.permission.VIBRATE" />
50-->[com.onesignal:notifications:5.1.6] AndroidManifest.xml:24:5-66
50-->[com.onesignal:notifications:5.1.6] AndroidManifest.xml:24:22-63
51    <!--
52 Use to restore notifications the user hasn't interacted with.
53     They could be missed notifications if the user reboots their device if this isn't in place.
54    -->
55    <uses-permission android:name="android.permission.RECEIVE_BOOT_COMPLETED" /> <!-- START: ShortcutBadger -->
55-->[com.onesignal:notifications:5.1.6] AndroidManifest.xml:29:5-81
55-->[com.onesignal:notifications:5.1.6] AndroidManifest.xml:29:22-78
56    <!-- Samsung -->
57    <uses-permission android:name="com.sec.android.provider.badge.permission.READ" />
57-->[com.onesignal:notifications:5.1.6] AndroidManifest.xml:31:5-86
57-->[com.onesignal:notifications:5.1.6] AndroidManifest.xml:31:22-83
58    <uses-permission android:name="com.sec.android.provider.badge.permission.WRITE" /> <!-- HTC -->
58-->[com.onesignal:notifications:5.1.6] AndroidManifest.xml:32:5-87
58-->[com.onesignal:notifications:5.1.6] AndroidManifest.xml:32:22-84
59    <uses-permission android:name="com.htc.launcher.permission.READ_SETTINGS" />
59-->[com.onesignal:notifications:5.1.6] AndroidManifest.xml:33:5-81
59-->[com.onesignal:notifications:5.1.6] AndroidManifest.xml:33:22-78
60    <uses-permission android:name="com.htc.launcher.permission.UPDATE_SHORTCUT" /> <!-- Sony -->
60-->[com.onesignal:notifications:5.1.6] AndroidManifest.xml:34:5-83
60-->[com.onesignal:notifications:5.1.6] AndroidManifest.xml:34:22-80
61    <uses-permission android:name="com.sonyericsson.home.permission.BROADCAST_BADGE" />
61-->[com.onesignal:notifications:5.1.6] AndroidManifest.xml:35:5-88
61-->[com.onesignal:notifications:5.1.6] AndroidManifest.xml:35:22-85
62    <uses-permission android:name="com.sonymobile.home.permission.PROVIDER_INSERT_BADGE" /> <!-- Apex -->
62-->[com.onesignal:notifications:5.1.6] AndroidManifest.xml:36:5-92
62-->[com.onesignal:notifications:5.1.6] AndroidManifest.xml:36:22-89
63    <uses-permission android:name="com.anddoes.launcher.permission.UPDATE_COUNT" /> <!-- Solid -->
63-->[com.onesignal:notifications:5.1.6] AndroidManifest.xml:37:5-84
63-->[com.onesignal:notifications:5.1.6] AndroidManifest.xml:37:22-81
64    <uses-permission android:name="com.majeur.launcher.permission.UPDATE_BADGE" /> <!-- Huawei -->
64-->[com.onesignal:notifications:5.1.6] AndroidManifest.xml:38:5-83
64-->[com.onesignal:notifications:5.1.6] AndroidManifest.xml:38:22-80
65    <uses-permission android:name="com.huawei.android.launcher.permission.CHANGE_BADGE" />
65-->[com.onesignal:notifications:5.1.6] AndroidManifest.xml:39:5-91
65-->[com.onesignal:notifications:5.1.6] AndroidManifest.xml:39:22-88
66    <uses-permission android:name="com.huawei.android.launcher.permission.READ_SETTINGS" />
66-->[com.onesignal:notifications:5.1.6] AndroidManifest.xml:40:5-92
66-->[com.onesignal:notifications:5.1.6] AndroidManifest.xml:40:22-89
67    <uses-permission android:name="com.huawei.android.launcher.permission.WRITE_SETTINGS" /> <!-- ZUK -->
67-->[com.onesignal:notifications:5.1.6] AndroidManifest.xml:41:5-93
67-->[com.onesignal:notifications:5.1.6] AndroidManifest.xml:41:22-90
68    <uses-permission android:name="android.permission.READ_APP_BADGE" /> <!-- OPPO -->
68-->[com.onesignal:notifications:5.1.6] AndroidManifest.xml:42:5-73
68-->[com.onesignal:notifications:5.1.6] AndroidManifest.xml:42:22-70
69    <uses-permission android:name="com.oppo.launcher.permission.READ_SETTINGS" />
69-->[com.onesignal:notifications:5.1.6] AndroidManifest.xml:43:5-82
69-->[com.onesignal:notifications:5.1.6] AndroidManifest.xml:43:22-79
70    <uses-permission android:name="com.oppo.launcher.permission.WRITE_SETTINGS" /> <!-- EvMe -->
70-->[com.onesignal:notifications:5.1.6] AndroidManifest.xml:44:5-83
70-->[com.onesignal:notifications:5.1.6] AndroidManifest.xml:44:22-80
71    <uses-permission android:name="me.everything.badger.permission.BADGE_COUNT_READ" />
71-->[com.onesignal:notifications:5.1.6] AndroidManifest.xml:45:5-88
71-->[com.onesignal:notifications:5.1.6] AndroidManifest.xml:45:22-85
72    <uses-permission android:name="me.everything.badger.permission.BADGE_COUNT_WRITE" />
72-->[com.onesignal:notifications:5.1.6] AndroidManifest.xml:46:5-89
72-->[com.onesignal:notifications:5.1.6] AndroidManifest.xml:46:22-86
73    <uses-permission android:name="com.google.android.gms.permission.AD_ID" />
73-->[com.google.android.gms:play-services-ads-lite:22.5.0] AndroidManifest.xml:26:5-79
73-->[com.google.android.gms:play-services-ads-lite:22.5.0] AndroidManifest.xml:26:22-76
74    <uses-permission android:name="android.permission.ACCESS_ADSERVICES_AD_ID" />
74-->[com.google.android.gms:play-services-ads-lite:22.5.0] AndroidManifest.xml:27:5-82
74-->[com.google.android.gms:play-services-ads-lite:22.5.0] AndroidManifest.xml:27:22-79
75    <uses-permission android:name="android.permission.ACCESS_ADSERVICES_ATTRIBUTION" />
75-->[com.google.android.gms:play-services-ads-lite:22.5.0] AndroidManifest.xml:28:5-88
75-->[com.google.android.gms:play-services-ads-lite:22.5.0] AndroidManifest.xml:28:22-85
76    <uses-permission android:name="android.permission.ACCESS_ADSERVICES_TOPICS" />
76-->[com.google.android.gms:play-services-ads-lite:22.5.0] AndroidManifest.xml:29:5-83
76-->[com.google.android.gms:play-services-ads-lite:22.5.0] AndroidManifest.xml:29:22-80
77    <uses-permission android:name="android.permission.FOREGROUND_SERVICE" />
77-->[androidx.work:work-runtime:2.8.1] AndroidManifest.xml:26:5-77
77-->[androidx.work:work-runtime:2.8.1] AndroidManifest.xml:26:22-74
78
79    <permission
79-->[androidx.core:core:1.12.0] AndroidManifest.xml:22:5-24:47
80        android:name="com.nabin.basket.DYNAMIC_RECEIVER_NOT_EXPORTED_PERMISSION"
80-->[androidx.core:core:1.12.0] AndroidManifest.xml:23:9-81
81        android:protectionLevel="signature" />
81-->[androidx.core:core:1.12.0] AndroidManifest.xml:24:9-44
82
83    <uses-permission android:name="com.nabin.basket.DYNAMIC_RECEIVER_NOT_EXPORTED_PERMISSION" />
83-->[androidx.core:core:1.12.0] AndroidManifest.xml:26:5-97
83-->[androidx.core:core:1.12.0] AndroidManifest.xml:26:22-94
84
85    <application
85-->src\main\AndroidManifest.xml:9:5-41:19
86        android:name="com.nabin.basket.OrderDeliveryApp"
86-->src\main\AndroidManifest.xml:10:9-41
87        android:allowBackup="true"
87-->src\main\AndroidManifest.xml:11:9-35
88        android:appComponentFactory="androidx.core.app.CoreComponentFactory"
88-->[androidx.core:core:1.12.0] AndroidManifest.xml:28:18-86
89        android:dataExtractionRules="@xml/data_extraction_rules"
89-->src\main\AndroidManifest.xml:12:9-65
90        android:debuggable="true"
91        android:extractNativeLibs="false"
92        android:fullBackupContent="@xml/backup_rules"
92-->src\main\AndroidManifest.xml:13:9-54
93        android:icon="@mipmap/ic_launcher"
93-->src\main\AndroidManifest.xml:14:9-43
94        android:label="@string/app_name"
94-->src\main\AndroidManifest.xml:15:9-41
95        android:roundIcon="@mipmap/ic_launcher_round"
95-->src\main\AndroidManifest.xml:16:9-54
96        android:supportsRtl="true"
96-->src\main\AndroidManifest.xml:17:9-35
97        android:testOnly="true"
98        android:theme="@style/Theme.OrderDelivery"
98-->src\main\AndroidManifest.xml:19:9-51
99        android:usesCleartextTraffic="true" >
99-->src\main\AndroidManifest.xml:18:9-44
100        <activity
100-->src\main\AndroidManifest.xml:21:9-31:20
101            android:name="com.nabin.basket.MainActivity"
101-->src\main\AndroidManifest.xml:22:13-41
102            android:exported="true"
102-->src\main\AndroidManifest.xml:23:13-36
103            android:label="@string/app_name"
103-->src\main\AndroidManifest.xml:24:13-45
104            android:theme="@style/Theme.OrderDelivery" >
104-->src\main\AndroidManifest.xml:25:13-55
105            <intent-filter>
105-->src\main\AndroidManifest.xml:26:13-30:29
106                <action android:name="android.intent.action.MAIN" />
106-->src\main\AndroidManifest.xml:27:17-69
106-->src\main\AndroidManifest.xml:27:25-66
107
108                <category android:name="android.intent.category.LAUNCHER" />
108-->src\main\AndroidManifest.xml:29:17-77
108-->src\main\AndroidManifest.xml:29:27-74
109            </intent-filter>
110        </activity>
111
112        <meta-data
112-->src\main\AndroidManifest.xml:32:9-33:84
113            android:name="com.onesignal.NotificationServiceExtension"
113-->src\main\AndroidManifest.xml:32:20-77
114            android:value="com.nabin.basket.service.NotificationServiceExtension" />
114-->src\main\AndroidManifest.xml:33:13-82
115        <meta-data
115-->src\main\AndroidManifest.xml:34:9-36:39
116            android:name="com.onesignal.NotificationOpened.DEFAULT"
116-->src\main\AndroidManifest.xml:35:13-68
117            android:value="DISABLE" />
117-->src\main\AndroidManifest.xml:36:13-36
118        <meta-data
118-->src\main\AndroidManifest.xml:37:9-123
119            android:name="com.google.android.geo.API_KEY"
119-->src\main\AndroidManifest.xml:37:20-65
120            android:value="AIzaSyCmYhLU8zTX8SJV0IxIvtwV0D27tlFyVSc" />
120-->src\main\AndroidManifest.xml:37:66-121
121        <meta-data
121-->src\main\AndroidManifest.xml:38:9-40:69
122            android:name="com.google.android.gms.ads.APPLICATION_ID"
122-->src\main\AndroidManifest.xml:39:13-69
123            android:value="ca-app-pub-1412843616436423~1643988269" />
123-->src\main\AndroidManifest.xml:40:13-67
124
125        <activity
125-->[com.google.android.gms:play-services-auth:20.7.0] AndroidManifest.xml:23:9-27:75
126            android:name="com.google.android.gms.auth.api.signin.internal.SignInHubActivity"
126-->[com.google.android.gms:play-services-auth:20.7.0] AndroidManifest.xml:24:13-93
127            android:excludeFromRecents="true"
127-->[com.google.android.gms:play-services-auth:20.7.0] AndroidManifest.xml:25:13-46
128            android:exported="false"
128-->[com.google.android.gms:play-services-auth:20.7.0] AndroidManifest.xml:26:13-37
129            android:theme="@android:style/Theme.Translucent.NoTitleBar" />
129-->[com.google.android.gms:play-services-auth:20.7.0] AndroidManifest.xml:27:13-72
130        <!--
131            Service handling Google Sign-In user revocation. For apps that do not integrate with
132            Google Sign-In, this service will never be started.
133        -->
134        <service
134-->[com.google.android.gms:play-services-auth:20.7.0] AndroidManifest.xml:33:9-37:51
135            android:name="com.google.android.gms.auth.api.signin.RevocationBoundService"
135-->[com.google.android.gms:play-services-auth:20.7.0] AndroidManifest.xml:34:13-89
136            android:exported="true"
136-->[com.google.android.gms:play-services-auth:20.7.0] AndroidManifest.xml:35:13-36
137            android:permission="com.google.android.gms.auth.api.signin.permission.REVOCATION_NOTIFICATION"
137-->[com.google.android.gms:play-services-auth:20.7.0] AndroidManifest.xml:36:13-107
138            android:visibleToInstantApps="true" />
138-->[com.google.android.gms:play-services-auth:20.7.0] AndroidManifest.xml:37:13-48
139
140        <activity
140-->[com.google.android.libraries.places:places:3.2.0] AndroidManifest.xml:15:9-21:20
141            android:name="com.google.android.libraries.places.widget.AutocompleteActivity"
141-->[com.google.android.libraries.places:places:3.2.0] AndroidManifest.xml:16:13-91
142            android:exported="false"
142-->[com.google.android.libraries.places:places:3.2.0] AndroidManifest.xml:17:13-37
143            android:label="@string/places_autocomplete_label"
143-->[com.google.android.libraries.places:places:3.2.0] AndroidManifest.xml:18:13-62
144            android:theme="@style/PlacesAutocompleteOverlay"
144-->[com.google.android.libraries.places:places:3.2.0] AndroidManifest.xml:19:13-61
145            android:windowSoftInputMode="adjustResize" >
145-->[com.google.android.libraries.places:places:3.2.0] AndroidManifest.xml:20:13-55
146        </activity> <!-- Needs to be explicitly declared on P+ -->
147        <uses-library
147-->[com.google.android.gms:play-services-maps:18.1.0] AndroidManifest.xml:39:9-41:40
148            android:name="org.apache.http.legacy"
148-->[com.google.android.gms:play-services-maps:18.1.0] AndroidManifest.xml:40:13-50
149            android:required="false" />
149-->[com.google.android.gms:play-services-maps:18.1.0] AndroidManifest.xml:41:13-37
150
151        <service
151-->[com.google.firebase:firebase-firestore-ktx:24.7.1] AndroidManifest.xml:9:9-15:19
152            android:name="com.google.firebase.components.ComponentDiscoveryService"
152-->[com.google.firebase:firebase-firestore-ktx:24.7.1] AndroidManifest.xml:10:13-84
153            android:directBootAware="true"
153-->[com.google.firebase:firebase-common:20.3.3] AndroidManifest.xml:34:13-43
154            android:exported="false" >
154-->[com.google.firebase:firebase-firestore-ktx:24.7.1] AndroidManifest.xml:11:13-37
155            <meta-data
155-->[com.google.firebase:firebase-firestore-ktx:24.7.1] AndroidManifest.xml:12:13-14:85
156                android:name="com.google.firebase.components:com.google.firebase.firestore.ktx.FirebaseFirestoreKtxRegistrar"
156-->[com.google.firebase:firebase-firestore-ktx:24.7.1] AndroidManifest.xml:13:17-126
157                android:value="com.google.firebase.components.ComponentRegistrar" />
157-->[com.google.firebase:firebase-firestore-ktx:24.7.1] AndroidManifest.xml:14:17-82
158            <meta-data
158-->[com.google.firebase:firebase-database:20.2.2] AndroidManifest.xml:31:13-33:85
159                android:name="com.google.firebase.components:com.google.firebase.database.DatabaseRegistrar"
159-->[com.google.firebase:firebase-database:20.2.2] AndroidManifest.xml:32:17-109
160                android:value="com.google.firebase.components.ComponentRegistrar" />
160-->[com.google.firebase:firebase-database:20.2.2] AndroidManifest.xml:33:17-82
161            <meta-data
161-->[com.google.firebase:firebase-storage:20.2.1] AndroidManifest.xml:32:13-34:85
162                android:name="com.google.firebase.components:com.google.firebase.storage.StorageRegistrar"
162-->[com.google.firebase:firebase-storage:20.2.1] AndroidManifest.xml:33:17-107
163                android:value="com.google.firebase.components.ComponentRegistrar" />
163-->[com.google.firebase:firebase-storage:20.2.1] AndroidManifest.xml:34:17-82
164            <meta-data
164-->[com.google.firebase:firebase-auth-ktx:22.1.1] AndroidManifest.xml:11:13-13:85
165                android:name="com.google.firebase.components:com.google.firebase.auth.ktx.FirebaseAuthKtxRegistrar"
165-->[com.google.firebase:firebase-auth-ktx:22.1.1] AndroidManifest.xml:12:17-116
166                android:value="com.google.firebase.components.ComponentRegistrar" />
166-->[com.google.firebase:firebase-auth-ktx:22.1.1] AndroidManifest.xml:13:17-82
167            <meta-data
167-->[com.google.firebase:firebase-common-ktx:20.3.3] AndroidManifest.xml:14:13-16:85
168                android:name="com.google.firebase.components:com.google.firebase.ktx.FirebaseCommonKtxRegistrar"
168-->[com.google.firebase:firebase-common-ktx:20.3.3] AndroidManifest.xml:15:17-113
169                android:value="com.google.firebase.components.ComponentRegistrar" />
169-->[com.google.firebase:firebase-common-ktx:20.3.3] AndroidManifest.xml:16:17-82
170            <meta-data
170-->[com.google.firebase:firebase-firestore:24.7.1] AndroidManifest.xml:17:13-19:85
171                android:name="com.google.firebase.components:com.google.firebase.firestore.FirestoreRegistrar"
171-->[com.google.firebase:firebase-firestore:24.7.1] AndroidManifest.xml:18:17-111
172                android:value="com.google.firebase.components.ComponentRegistrar" />
172-->[com.google.firebase:firebase-firestore:24.7.1] AndroidManifest.xml:19:17-82
173            <meta-data
173-->[com.google.firebase:firebase-auth:22.1.1] AndroidManifest.xml:69:13-71:85
174                android:name="com.google.firebase.components:com.google.firebase.auth.FirebaseAuthRegistrar"
174-->[com.google.firebase:firebase-auth:22.1.1] AndroidManifest.xml:70:17-109
175                android:value="com.google.firebase.components.ComponentRegistrar" />
175-->[com.google.firebase:firebase-auth:22.1.1] AndroidManifest.xml:71:17-82
176            <meta-data
176-->[com.google.firebase:firebase-messaging:23.2.1] AndroidManifest.xml:53:13-55:85
177                android:name="com.google.firebase.components:com.google.firebase.messaging.FirebaseMessagingRegistrar"
177-->[com.google.firebase:firebase-messaging:23.2.1] AndroidManifest.xml:54:17-119
178                android:value="com.google.firebase.components.ComponentRegistrar" />
178-->[com.google.firebase:firebase-messaging:23.2.1] AndroidManifest.xml:55:17-82
179            <meta-data
179-->[com.google.firebase:firebase-datatransport:18.1.7] AndroidManifest.xml:27:13-29:85
180                android:name="com.google.firebase.components:com.google.firebase.datatransport.TransportRegistrar"
180-->[com.google.firebase:firebase-datatransport:18.1.7] AndroidManifest.xml:28:17-115
181                android:value="com.google.firebase.components.ComponentRegistrar" />
181-->[com.google.firebase:firebase-datatransport:18.1.7] AndroidManifest.xml:29:17-82
182            <meta-data
182-->[com.google.firebase:firebase-installations:17.1.4] AndroidManifest.xml:15:13-17:85
183                android:name="com.google.firebase.components:com.google.firebase.installations.FirebaseInstallationsRegistrar"
183-->[com.google.firebase:firebase-installations:17.1.4] AndroidManifest.xml:16:17-127
184                android:value="com.google.firebase.components.ComponentRegistrar" />
184-->[com.google.firebase:firebase-installations:17.1.4] AndroidManifest.xml:17:17-82
185        </service>
186
187        <activity
187-->[com.google.firebase:firebase-auth:22.1.1] AndroidManifest.xml:29:9-46:20
188            android:name="com.google.firebase.auth.internal.GenericIdpActivity"
188-->[com.google.firebase:firebase-auth:22.1.1] AndroidManifest.xml:30:13-80
189            android:excludeFromRecents="true"
189-->[com.google.firebase:firebase-auth:22.1.1] AndroidManifest.xml:31:13-46
190            android:exported="true"
190-->[com.google.firebase:firebase-auth:22.1.1] AndroidManifest.xml:32:13-36
191            android:launchMode="singleTask"
191-->[com.google.firebase:firebase-auth:22.1.1] AndroidManifest.xml:33:13-44
192            android:theme="@android:style/Theme.Translucent.NoTitleBar" >
192-->[com.google.firebase:firebase-auth:22.1.1] AndroidManifest.xml:34:13-72
193            <intent-filter>
193-->[com.google.firebase:firebase-auth:22.1.1] AndroidManifest.xml:35:13-45:29
194                <action android:name="android.intent.action.VIEW" />
194-->[com.google.firebase:firebase-auth:22.1.1] AndroidManifest.xml:36:17-69
194-->[com.google.firebase:firebase-auth:22.1.1] AndroidManifest.xml:36:25-66
195
196                <category android:name="android.intent.category.DEFAULT" />
196-->[com.google.firebase:firebase-auth:22.1.1] AndroidManifest.xml:38:17-76
196-->[com.google.firebase:firebase-auth:22.1.1] AndroidManifest.xml:38:27-73
197                <category android:name="android.intent.category.BROWSABLE" />
197-->[com.google.firebase:firebase-auth:22.1.1] AndroidManifest.xml:39:17-78
197-->[com.google.firebase:firebase-auth:22.1.1] AndroidManifest.xml:39:27-75
198
199                <data
199-->[com.google.firebase:firebase-auth:22.1.1] AndroidManifest.xml:41:17-44:51
200                    android:host="firebase.auth"
200-->[com.google.firebase:firebase-auth:22.1.1] AndroidManifest.xml:42:21-49
201                    android:path="/"
201-->[com.google.firebase:firebase-auth:22.1.1] AndroidManifest.xml:43:21-37
202                    android:scheme="genericidp" />
202-->[com.google.firebase:firebase-auth:22.1.1] AndroidManifest.xml:44:21-48
203            </intent-filter>
204        </activity>
205        <activity
205-->[com.google.firebase:firebase-auth:22.1.1] AndroidManifest.xml:47:9-64:20
206            android:name="com.google.firebase.auth.internal.RecaptchaActivity"
206-->[com.google.firebase:firebase-auth:22.1.1] AndroidManifest.xml:48:13-79
207            android:excludeFromRecents="true"
207-->[com.google.firebase:firebase-auth:22.1.1] AndroidManifest.xml:49:13-46
208            android:exported="true"
208-->[com.google.firebase:firebase-auth:22.1.1] AndroidManifest.xml:50:13-36
209            android:launchMode="singleTask"
209-->[com.google.firebase:firebase-auth:22.1.1] AndroidManifest.xml:51:13-44
210            android:theme="@android:style/Theme.Translucent.NoTitleBar" >
210-->[com.google.firebase:firebase-auth:22.1.1] AndroidManifest.xml:52:13-72
211            <intent-filter>
211-->[com.google.firebase:firebase-auth:22.1.1] AndroidManifest.xml:53:13-63:29
212                <action android:name="android.intent.action.VIEW" />
212-->[com.google.firebase:firebase-auth:22.1.1] AndroidManifest.xml:36:17-69
212-->[com.google.firebase:firebase-auth:22.1.1] AndroidManifest.xml:36:25-66
213
214                <category android:name="android.intent.category.DEFAULT" />
214-->[com.google.firebase:firebase-auth:22.1.1] AndroidManifest.xml:38:17-76
214-->[com.google.firebase:firebase-auth:22.1.1] AndroidManifest.xml:38:27-73
215                <category android:name="android.intent.category.BROWSABLE" />
215-->[com.google.firebase:firebase-auth:22.1.1] AndroidManifest.xml:39:17-78
215-->[com.google.firebase:firebase-auth:22.1.1] AndroidManifest.xml:39:27-75
216
217                <data
217-->[com.google.firebase:firebase-auth:22.1.1] AndroidManifest.xml:41:17-44:51
218                    android:host="firebase.auth"
218-->[com.google.firebase:firebase-auth:22.1.1] AndroidManifest.xml:42:21-49
219                    android:path="/"
219-->[com.google.firebase:firebase-auth:22.1.1] AndroidManifest.xml:43:21-37
220                    android:scheme="recaptcha" />
220-->[com.google.firebase:firebase-auth:22.1.1] AndroidManifest.xml:44:21-48
221            </intent-filter>
222        </activity>
223
224        <receiver
224-->[com.onesignal:notifications:5.1.6] AndroidManifest.xml:49:9-60:20
225            android:name="com.onesignal.notifications.receivers.FCMBroadcastReceiver"
225-->[com.onesignal:notifications:5.1.6] AndroidManifest.xml:50:13-86
226            android:exported="true"
226-->[com.onesignal:notifications:5.1.6] AndroidManifest.xml:51:13-36
227            android:permission="com.google.android.c2dm.permission.SEND" >
227-->[com.onesignal:notifications:5.1.6] AndroidManifest.xml:52:13-73
228
229            <!-- High priority so OneSignal payloads can be filtered from other FCM receivers -->
230            <intent-filter android:priority="999" >
230-->[com.onesignal:notifications:5.1.6] AndroidManifest.xml:55:13-59:29
230-->[com.onesignal:notifications:5.1.6] AndroidManifest.xml:55:28-50
231                <action android:name="com.google.android.c2dm.intent.RECEIVE" />
231-->[com.onesignal:notifications:5.1.6] AndroidManifest.xml:56:17-81
231-->[com.onesignal:notifications:5.1.6] AndroidManifest.xml:56:25-78
232
233                <category android:name="com.nabin.basket" />
233-->[com.onesignal:notifications:5.1.6] AndroidManifest.xml:58:17-61
233-->[com.onesignal:notifications:5.1.6] AndroidManifest.xml:58:27-58
234            </intent-filter>
235        </receiver>
236
237        <service
237-->[com.onesignal:notifications:5.1.6] AndroidManifest.xml:62:9-68:19
238            android:name="com.onesignal.notifications.services.HmsMessageServiceOneSignal"
238-->[com.onesignal:notifications:5.1.6] AndroidManifest.xml:63:13-91
239            android:exported="false" >
239-->[com.onesignal:notifications:5.1.6] AndroidManifest.xml:64:13-37
240            <intent-filter>
240-->[com.onesignal:notifications:5.1.6] AndroidManifest.xml:65:13-67:29
241                <action android:name="com.huawei.push.action.MESSAGING_EVENT" />
241-->[com.onesignal:notifications:5.1.6] AndroidManifest.xml:66:17-81
241-->[com.onesignal:notifications:5.1.6] AndroidManifest.xml:66:25-78
242            </intent-filter>
243        </service>
244
245        <activity
245-->[com.onesignal:notifications:5.1.6] AndroidManifest.xml:70:9-78:20
246            android:name="com.onesignal.notifications.activities.NotificationOpenedActivityHMS"
246-->[com.onesignal:notifications:5.1.6] AndroidManifest.xml:71:13-96
247            android:exported="true"
247-->[com.onesignal:notifications:5.1.6] AndroidManifest.xml:72:13-36
248            android:noHistory="true"
248-->[com.onesignal:notifications:5.1.6] AndroidManifest.xml:73:13-37